c:\users\administrator\source\repos\edr_hook_dll\edr_hook_dll\x64\release\edr_hook_dll.pch
c:\users\administrator\source\repos\edr_hook_dll\edr_hook_dll\x64\release\vc143.pdb
c:\users\administrator\source\repos\edr_hook_dll\edr_hook_dll\x64\release\pch.obj
c:\users\administrator\source\repos\edr_hook_dll\edr_hook_dll\x64\release\ntstatus_2_string_logic.obj
c:\users\administrator\source\repos\edr_hook_dll\edr_hook_dll\x64\release\linkedlist_logic.obj
c:\users\administrator\source\repos\edr_hook_dll\edr_hook_dll\x64\release\kernelcommunicate.obj
c:\users\administrator\source\repos\edr_hook_dll\edr_hook_dll\x64\release\inline_hook_logic.obj
c:\users\administrator\source\repos\edr_hook_dll\edr_hook_dll\x64\release\init_starter_logic.obj
c:\users\administrator\source\repos\edr_hook_dll\edr_hook_dll\x64\release\hooking_handler_logic.obj
c:\users\administrator\source\repos\edr_hook_dll\edr_hook_dll\x64\release\get_time_logic.obj
c:\users\administrator\source\repos\edr_hook_dll\edr_hook_dll\x64\release\dynamiclength_logic.obj
c:\users\administrator\source\repos\edr_hook_dll\edr_hook_dll\x64\release\dllmain.obj
c:\users\administrator\source\repos\edr_hook_dll\edr_hook_dll\x64\release\check64bit_logic.obj
c:\users\administrator\source\repos\edr_hook_dll\edr_hook_dll\x64\release\access_mask_parse_to_str.obj
c:\users\administrator\source\repos\edr_hook_dll\x64\release\edr_hook_dll.dll
c:\users\administrator\source\repos\edr_hook_dll\x64\release\edr_hook_dll.pdb
c:\users\administrator\source\repos\edr_hook_dll\edr_hook_dll\x64\release\edr_hook_dll.ipdb
c:\users\administrator\source\repos\edr_hook_dll\edr_hook_dll\x64\release\edr_hook_dll.iobj
c:\users\administrator\source\repos\edr_hook_dll\edr_hook_dll\x64\release\edr_hook_dll.tlog\cl.command.1.tlog
c:\users\administrator\source\repos\edr_hook_dll\edr_hook_dll\x64\release\edr_hook_dll.tlog\cl.items.tlog
c:\users\administrator\source\repos\edr_hook_dll\edr_hook_dll\x64\release\edr_hook_dll.tlog\cl.read.1.tlog
c:\users\administrator\source\repos\edr_hook_dll\edr_hook_dll\x64\release\edr_hook_dll.tlog\cl.write.1.tlog
c:\users\administrator\source\repos\edr_hook_dll\edr_hook_dll\x64\release\edr_hook_dll.tlog\link.command.1.tlog
c:\users\administrator\source\repos\edr_hook_dll\edr_hook_dll\x64\release\edr_hook_dll.tlog\link.read.1.tlog
c:\users\administrator\source\repos\edr_hook_dll\edr_hook_dll\x64\release\edr_hook_dll.tlog\link.secondary.1.tlog
c:\users\administrator\source\repos\edr_hook_dll\edr_hook_dll\x64\release\edr_hook_dll.tlog\link.write.1.tlog
