  pch.cpp
  Check64Bit_logic.cpp
  dllmain.cpp
  Init_Starter.h
C:\Users\Administrator\source\repos\EDR_HOOK_DLL\EDR_HOOK_DLL\Init_Starter.h(1,1): error C1010: 미리 컴파일된 헤더를 찾는 동안 예기치 않은 파일의 끝이 나타났습니다. '#include "pch.h"'을(를) 소스에 추가하시겠습니까?
  Inline_hook_logic.cpp
C:\Program Files (x86)\Windows Kits\10\Include\10.0.26100.0\shared\ntdef.h(188,1): warning C4005: 'PROBE_ALIGNMENT': 매크로 재정의
  (소스 파일 '/Inline_hook_logic.cpp'을(를) 컴파일하는 중)
      C:\Program Files (x86)\Windows Kits\10\Include\10.0.26100.0\um\winnt.h(160,1):
      'PROBE_ALIGNMENT'의 이전 정의를 참조하십시오.
  
C:\Program Files (x86)\Windows Kits\10\Include\10.0.26100.0\shared\ntdef.h(205,1): warning C4005: 'PROBE_ALIGNMENT32': 매크로 재정의
  (소스 파일 '/Inline_hook_logic.cpp'을(를) 컴파일하는 중)
      C:\Program Files (x86)\Windows Kits\10\Include\10.0.26100.0\um\winnt.h(177,1):
      'PROBE_ALIGNMENT32'의 이전 정의를 참조하십시오.
  
C:\Program Files (x86)\Windows Kits\10\Include\10.0.26100.0\shared\ntdef.h(800,34): error C2011: '_PROCESSOR_NUMBER': 'struct' 형식 재정의
  (소스 파일 '/Inline_hook_logic.cpp'을(를) 컴파일하는 중)
      C:\Program Files (x86)\Windows Kits\10\Include\10.0.26100.0\um\winnt.h(655,16):
      '_PROCESSOR_NUMBER' 선언을 참조하십시오.
  
C:\Program Files (x86)\Windows Kits\10\Include\10.0.26100.0\shared\ntdef.h(813,32): error C2011: '_GROUP_AFFINITY': 'struct' 형식 재정의
  (소스 파일 '/Inline_hook_logic.cpp'을(를) 컴파일하는 중)
      C:\Program Files (x86)\Windows Kits\10\Include\10.0.26100.0\um\winnt.h(668,16):
      '_GROUP_AFFINITY' 선언을 참조하십시오.
  
C:\Program Files (x86)\Windows Kits\10\Include\10.0.26100.0\shared\ntdef.h(819,34): error C2011: '_GROUP_AFFINITY32': 'struct' 형식 재정의
  (소스 파일 '/Inline_hook_logic.cpp'을(를) 컴파일하는 중)
      C:\Program Files (x86)\Windows Kits\10\Include\10.0.26100.0\um\winnt.h(674,16):
      '_GROUP_AFFINITY32' 선언을 참조하십시오.
  
C:\Program Files (x86)\Windows Kits\10\Include\10.0.26100.0\shared\ntdef.h(825,34): error C2011: '_GROUP_AFFINITY64': 'struct' 형식 재정의
  (소스 파일 '/Inline_hook_logic.cpp'을(를) 컴파일하는 중)
      C:\Program Files (x86)\Windows Kits\10\Include\10.0.26100.0\um\winnt.h(680,16):
      '_GROUP_AFFINITY64' 선언을 참조하십시오.
  
C:\Program Files (x86)\Windows Kits\10\Include\10.0.26100.0\shared\ntdef.h(1180,26): error C2011: '_FLOAT128': 'struct' 형식 재정의
  (소스 파일 '/Inline_hook_logic.cpp'을(를) 컴파일하는 중)
      C:\Program Files (x86)\Windows Kits\10\Include\10.0.26100.0\um\winnt.h(872,16):
      '_FLOAT128' 선언을 참조하십시오.
  
C:\Program Files (x86)\Windows Kits\10\Include\10.0.26100.0\shared\ntdef.h(1233,30): error C2011: '_LARGE_INTEGER': 'union' 형식 재정의
  (소스 파일 '/Inline_hook_logic.cpp'을(를) 컴파일하는 중)
      C:\Program Files (x86)\Windows Kits\10\Include\10.0.26100.0\um\winnt.h(921,15):
      '_LARGE_INTEGER' 선언을 참조하십시오.
  
C:\Program Files (x86)\Windows Kits\10\Include\10.0.26100.0\shared\ntdef.h(1253,31): error C2011: '_ULARGE_INTEGER': 'union' 형식 재정의
  (소스 파일 '/Inline_hook_logic.cpp'을(를) 컴파일하는 중)
      C:\Program Files (x86)\Windows Kits\10\Include\10.0.26100.0\um\winnt.h(941,15):
      '_ULARGE_INTEGER' 선언을 참조하십시오.
  
C:\Program Files (x86)\Windows Kits\10\Include\10.0.26100.0\shared\ntdef.h(1283,22): error C2011: '_LUID': 'struct' 형식 재정의
  (소스 파일 '/Inline_hook_logic.cpp'을(를) 컴파일하는 중)
      C:\Program Files (x86)\Windows Kits\10\Include\10.0.26100.0\um\winnt.h(971,16):
      '_LUID' 선언을 참조하십시오.
  
C:\Program Files (x86)\Windows Kits\10\Include\10.0.26100.0\shared\ntdef.h(1651,1): warning C4005: 'UNICODE_STRING_MAX_BYTES': 매크로 재정의
  (소스 파일 '/Inline_hook_logic.cpp'을(를) 컴파일하는 중)
      C:\Program Files (x86)\Windows Kits\10\Include\10.0.26100.0\um\winnt.h(1208,1):
      'UNICODE_STRING_MAX_BYTES'의 이전 정의를 참조하십시오.
  
C:\Program Files (x86)\Windows Kits\10\Include\10.0.26100.0\shared\ntdef.h(1697,28): error C2011: '_LIST_ENTRY': 'struct' 형식 재정의
  (소스 파일 '/Inline_hook_logic.cpp'을(를) 컴파일하는 중)
      C:\Program Files (x86)\Windows Kits\10\Include\10.0.26100.0\um\winnt.h(1217,16):
      '_LIST_ENTRY' 선언을 참조하십시오.
  
C:\Program Files (x86)\Windows Kits\10\Include\10.0.26100.0\shared\ntdef.h(1707,35): error C2011: '_SINGLE_LIST_ENTRY': 'struct' 형식 재정의
  (소스 파일 '/Inline_hook_logic.cpp'을(를) 컴파일하는 중)
      C:\Program Files (x86)\Windows Kits\10\Include\10.0.26100.0\um\winnt.h(1227,16):
      '_SINGLE_LIST_ENTRY' 선언을 참조하십시오.
  
C:\Program Files (x86)\Windows Kits\10\Include\10.0.26100.0\shared\ntdef.h(1754,29): error C2011: 'LIST_ENTRY32': 'struct' 형식 재정의
  (소스 파일 '/Inline_hook_logic.cpp'을(를) 컴파일하는 중)
      C:\Program Files (x86)\Windows Kits\10\Include\10.0.26100.0\um\winnt.h(1238,16):
      'LIST_ENTRY32' 선언을 참조하십시오.
  
C:\Program Files (x86)\Windows Kits\10\Include\10.0.26100.0\shared\ntdef.h(1760,29): error C2011: 'LIST_ENTRY64': 'struct' 형식 재정의
  (소스 파일 '/Inline_hook_logic.cpp'을(를) 컴파일하는 중)
      C:\Program Files (x86)\Windows Kits\10\Include\10.0.26100.0\um\winnt.h(1244,16):
      'LIST_ENTRY64' 선언을 참조하십시오.
  
C:\Program Files (x86)\Windows Kits\10\Include\10.0.26100.0\shared\ntdef.h(1780,5): error C2027: 정의되지 않은 형식 'LIST_ENTRY64'을(를) 사용했습니다.
  (소스 파일 '/Inline_hook_logic.cpp'을(를) 컴파일하는 중)
      C:\Program Files (x86)\Windows Kits\10\Include\10.0.26100.0\um\winnt.h(1244,16):
      'LIST_ENTRY64' 선언을 참조하십시오.
  
C:\Program Files (x86)\Windows Kits\10\Include\10.0.26100.0\shared\ntdef.h(1780,36): error C2027: 정의되지 않은 형식 'LIST_ENTRY32'을(를) 사용했습니다.
  (소스 파일 '/Inline_hook_logic.cpp'을(를) 컴파일하는 중)
      C:\Program Files (x86)\Windows Kits\10\Include\10.0.26100.0\um\winnt.h(1238,16):
      'LIST_ENTRY32' 선언을 참조하십시오.
  
C:\Program Files (x86)\Windows Kits\10\Include\10.0.26100.0\shared\ntdef.h(1781,5): error C2027: 정의되지 않은 형식 'LIST_ENTRY64'을(를) 사용했습니다.
  (소스 파일 '/Inline_hook_logic.cpp'을(를) 컴파일하는 중)
      C:\Program Files (x86)\Windows Kits\10\Include\10.0.26100.0\um\winnt.h(1244,16):
      'LIST_ENTRY64' 선언을 참조하십시오.
  
C:\Program Files (x86)\Windows Kits\10\Include\10.0.26100.0\shared\ntdef.h(1781,36): error C2027: 정의되지 않은 형식 'LIST_ENTRY32'을(를) 사용했습니다.
  (소스 파일 '/Inline_hook_logic.cpp'을(를) 컴파일하는 중)
      C:\Program Files (x86)\Windows Kits\10\Include\10.0.26100.0\um\winnt.h(1238,16):
      'LIST_ENTRY32' 선언을 참조하십시오.
  
C:\Program Files (x86)\Windows Kits\10\Include\10.0.26100.0\shared\ntdef.h(1791,5): error C2027: 정의되지 않은 형식 'LIST_ENTRY32'을(를) 사용했습니다.
  (소스 파일 '/Inline_hook_logic.cpp'을(를) 컴파일하는 중)
      C:\Program Files (x86)\Windows Kits\10\Include\10.0.26100.0\um\winnt.h(1238,16):
      'LIST_ENTRY32' 선언을 참조하십시오.
  
C:\Program Files (x86)\Windows Kits\10\Include\10.0.26100.0\shared\ntdef.h(1791,25): error C2027: 정의되지 않은 형식 'LIST_ENTRY64'을(를) 사용했습니다.
  (소스 파일 '/Inline_hook_logic.cpp'을(를) 컴파일하는 중)
      C:\Program Files (x86)\Windows Kits\10\Include\10.0.26100.0\um\winnt.h(1244,16):
      'LIST_ENTRY64' 선언을 참조하십시오.
  
C:\Program Files (x86)\Windows Kits\10\Include\10.0.26100.0\shared\ntdef.h(1792,5): error C2027: 정의되지 않은 형식 'LIST_ENTRY32'을(를) 사용했습니다.
  (소스 파일 '/Inline_hook_logic.cpp'을(를) 컴파일하는 중)
      C:\Program Files (x86)\Windows Kits\10\Include\10.0.26100.0\um\winnt.h(1238,16):
      'LIST_ENTRY32' 선언을 참조하십시오.
  
C:\Program Files (x86)\Windows Kits\10\Include\10.0.26100.0\shared\ntdef.h(1792,25): error C2027: 정의되지 않은 형식 'LIST_ENTRY64'을(를) 사용했습니다.
  (소스 파일 '/Inline_hook_logic.cpp'을(를) 컴파일하는 중)
      C:\Program Files (x86)\Windows Kits\10\Include\10.0.26100.0\um\winnt.h(1244,16):
      'LIST_ENTRY64' 선언을 참조하십시오.
  
C:\Program Files (x86)\Windows Kits\10\Include\10.0.26100.0\shared\ntdef.h(3127,1): warning C4005: 'MAKELANGID': 매크로 재정의
  (소스 파일 '/Inline_hook_logic.cpp'을(를) 컴파일하는 중)
      C:\Program Files (x86)\Windows Kits\10\Include\10.0.26100.0\um\winnt.h(2289,1):
      'MAKELANGID'의 이전 정의를 참조하십시오.
  
C:\Program Files (x86)\Windows Kits\10\Include\10.0.26100.0\shared\ntdef.h(3128,1): warning C4005: 'PRIMARYLANGID': 매크로 재정의
  (소스 파일 '/Inline_hook_logic.cpp'을(를) 컴파일하는 중)
      C:\Program Files (x86)\Windows Kits\10\Include\10.0.26100.0\um\winnt.h(2290,1):
      'PRIMARYLANGID'의 이전 정의를 참조하십시오.
  
C:\Program Files (x86)\Windows Kits\10\Include\10.0.26100.0\shared\ntdef.h(3129,1): warning C4005: 'SUBLANGID': 매크로 재정의
  (소스 파일 '/Inline_hook_logic.cpp'을(를) 컴파일하는 중)
      C:\Program Files (x86)\Windows Kits\10\Include\10.0.26100.0\um\winnt.h(2291,1):
      'SUBLANGID'의 이전 정의를 참조하십시오.
  
C:\Program Files (x86)\Windows Kits\10\Include\10.0.26100.0\shared\ntdef.h(3173,1): warning C4005: 'MAKELCID': 매크로 재정의
  (소스 파일 '/Inline_hook_logic.cpp'을(를) 컴파일하는 중)
      C:\Program Files (x86)\Windows Kits\10\Include\10.0.26100.0\um\winnt.h(2335,1):
      'MAKELCID'의 이전 정의를 참조하십시오.
  
C:\Program Files (x86)\Windows Kits\10\Include\10.0.26100.0\shared\ntdef.h(3176,1): warning C4005: 'MAKESORTLCID': 매크로 재정의
  (소스 파일 '/Inline_hook_logic.cpp'을(를) 컴파일하는 중)
      C:\Program Files (x86)\Windows Kits\10\Include\10.0.26100.0\um\winnt.h(2338,1):
      'MAKESORTLCID'의 이전 정의를 참조하십시오.
  
C:\Program Files (x86)\Windows Kits\10\Include\10.0.26100.0\shared\ntdef.h(3177,1): warning C4005: 'LANGIDFROMLCID': 매크로 재정의
  (소스 파일 '/Inline_hook_logic.cpp'을(를) 컴파일하는 중)
      C:\Program Files (x86)\Windows Kits\10\Include\10.0.26100.0\um\winnt.h(2339,1):
      'LANGIDFROMLCID'의 이전 정의를 참조하십시오.
  
C:\Program Files (x86)\Windows Kits\10\Include\10.0.26100.0\shared\ntdef.h(3178,1): warning C4005: 'SORTIDFROMLCID': 매크로 재정의
  (소스 파일 '/Inline_hook_logic.cpp'을(를) 컴파일하는 중)
      C:\Program Files (x86)\Windows Kits\10\Include\10.0.26100.0\um\winnt.h(2340,1):
      'SORTIDFROMLCID'의 이전 정의를 참조하십시오.
  
C:\Program Files (x86)\Windows Kits\10\Include\10.0.26100.0\shared\ntdef.h(3179,1): warning C4005: 'SORTVERSIONFROMLCID': 매크로 재정의
  (소스 파일 '/Inline_hook_logic.cpp'을(를) 컴파일하는 중)
      C:\Program Files (x86)\Windows Kits\10\Include\10.0.26100.0\um\winnt.h(2341,1):
      'SORTVERSIONFROMLCID'의 이전 정의를 참조하십시오.
  
C:\Program Files (x86)\Windows Kits\10\Include\10.0.26100.0\shared\ntdef.h(3358,1): error C2766: 명시적 특수화. '_ENUM_FLAG_INTEGER_FOR_SIZE<1>'은(는) 이미 정의되어 있습니다.
  (소스 파일 '/Inline_hook_logic.cpp'을(를) 컴파일하는 중)
      C:\Program Files (x86)\Windows Kits\10\Include\10.0.26100.0\um\winnt.h(2520,1):
      '_ENUM_FLAG_INTEGER_FOR_SIZE<1>'의 이전 정의를 참조하십시오.
  
C:\Program Files (x86)\Windows Kits\10\Include\10.0.26100.0\shared\ntdef.h(3364,1): error C2766: 명시적 특수화. '_ENUM_FLAG_INTEGER_FOR_SIZE<2>'은(는) 이미 정의되어 있습니다.
  (소스 파일 '/Inline_hook_logic.cpp'을(를) 컴파일하는 중)
      C:\Program Files (x86)\Windows Kits\10\Include\10.0.26100.0\um\winnt.h(2526,1):
      '_ENUM_FLAG_INTEGER_FOR_SIZE<2>'의 이전 정의를 참조하십시오.
  
C:\Program Files (x86)\Windows Kits\10\Include\10.0.26100.0\shared\ntdef.h(3370,1): error C2766: 명시적 특수화. '_ENUM_FLAG_INTEGER_FOR_SIZE<4>'은(는) 이미 정의되어 있습니다.
  (소스 파일 '/Inline_hook_logic.cpp'을(를) 컴파일하는 중)
      C:\Program Files (x86)\Windows Kits\10\Include\10.0.26100.0\um\winnt.h(2532,1):
      '_ENUM_FLAG_INTEGER_FOR_SIZE<4>'의 이전 정의를 참조하십시오.
  
C:\Program Files (x86)\Windows Kits\10\Include\10.0.26100.0\shared\ntdef.h(3376,1): error C2766: 명시적 특수화. '_ENUM_FLAG_INTEGER_FOR_SIZE<8>'은(는) 이미 정의되어 있습니다.
  (소스 파일 '/Inline_hook_logic.cpp'을(를) 컴파일하는 중)
      C:\Program Files (x86)\Windows Kits\10\Include\10.0.26100.0\um\winnt.h(2538,1):
      '_ENUM_FLAG_INTEGER_FOR_SIZE<8>'의 이전 정의를 참조하십시오.
  
C:\Program Files (x86)\Windows Kits\10\Include\10.0.26100.0\shared\ntdef.h(3385,6): error C2953: '_ENUM_FLAG_SIZED_INTEGER': 클래스 템플릿이 이미 정의되었습니다.
  (소스 파일 '/Inline_hook_logic.cpp'을(를) 컴파일하는 중)
      C:\Program Files (x86)\Windows Kits\10\Include\10.0.26100.0\shared\ntdef.h(3382,12):
      '_ENUM_FLAG_SIZED_INTEGER' 선언을 참조하십시오.
  
C:\Program Files (x86)\Windows Kits\10\Include\10.0.26100.0\shared\ntdef.h(3447,15): error C2027: 정의되지 않은 형식 '_LARGE_INTEGER'을(를) 사용했습니다.
  (소스 파일 '/Inline_hook_logic.cpp'을(를) 컴파일하는 중)
      C:\Program Files (x86)\Windows Kits\10\Include\10.0.26100.0\um\winnt.h(921,15):
      '_LARGE_INTEGER' 선언을 참조하십시오.
  
C:\Program Files (x86)\Windows Kits\10\Include\10.0.26100.0\shared\ntdef.h(3447,40): error C2338: static_assert failed: 'Windows headers require the default packing option. Changing this can lead to memory corruption. This diagnostic can be disabled by building with WINDOWS_IGNORE_PACKING_MISMATCH defined.'
  (소스 파일 '/Inline_hook_logic.cpp'을(를) 컴파일하는 중)
  
C:\Users\Administrator\source\repos\EDR_HOOK_DLL\EDR_HOOK_DLL\Inline_hook_logic.cpp(56,42): warning C4311: '형식 캐스트': 'PVOID'에서 'DWORD'(으)로 포인터가 잘립니다.
  (소스 파일 '/Inline_hook_logic.cpp'을(를) 컴파일하는 중)
  
C:\Users\Administrator\source\repos\EDR_HOOK_DLL\EDR_HOOK_DLL\Inline_hook_logic.cpp(56,42): warning C4302: '형식 캐스트': 'PVOID'에서 'DWORD'(으)로 잘립니다.
  (소스 파일 '/Inline_hook_logic.cpp'을(를) 컴파일하는 중)
  
  코드를 생성하고 있습니다...
